<?xml version="1.0" encoding="UTF-8" ?>
<testsuite failures="1" time="60.691" errors="0" skipped="0" tests="3" name="cvut.semestralka.service.CustomerServiceTest">
  <properties>
[...]
</properties>
  <testcase time="36.303" classname="cvut.semestralka.service.CustomerServiceTest" name="testGetAllCustomers">
    <failure type="java.lang.AssertionError:">java.lang.AssertionError: 
	at org.junit.Assert.fail(Assert.java:91)
	at org.junit.Assert.assertTrue(Assert.java:43)
	at org.junit.Assert.assertTrue(Assert.java:54)
	at cvut.semestralka.service.CustomerServiceTest.testGetAllCustomers(CustomerServiceTest.java:32)
	at sun.reflect.NativeMethodAccessorImpl.invoke0(Native Method)
	at sun.reflect.NativeMethodAccessorImpl.invoke(NativeMethodAccessorImpl.java:57)
	at sun.reflect.DelegatingMethodAccessorImpl.invoke(DelegatingMethodAccessorImpl.java:43)
	at java.lang.reflect.Method.invoke(Method.java:601)
	at org.junit.runners.model.FrameworkMethod$1.runReflectiveCall(FrameworkMethod.java:44)
	at org.junit.internal.runners.model.ReflectiveCallable.run(ReflectiveCallable.java:15)
	at org.junit.runners.model.FrameworkMethod.invokeExplosively(FrameworkMethod.java:41)
	at org.junit.internal.runners.statements.InvokeMethod.evaluate(InvokeMethod.java:20)
	at org.junit.internal.runners.statements.RunBefores.evaluate(RunBefores.java:28)
	at org.junit.internal.runners.statements.RunAfters.evaluate(RunAfters.java:31)
	at org.junit.runners.BlockJUnit4ClassRunner.runNotIgnored(BlockJUnit4ClassRunner.java:79)
	at org.junit.runners.BlockJUnit4ClassRunner.runChild(BlockJUnit4ClassRunner.java:71)
	at org.junit.runners.BlockJUnit4ClassRunner.runChild(BlockJUnit4ClassRunner.java:49)
	at org.junit.runners.ParentRunner$3.run(ParentRunner.java:193)
	at org.junit.runners.ParentRunner$1.schedule(ParentRunner.java:52)
	at org.junit.runners.ParentRunner.runChildren(ParentRunner.java:191)
	at org.junit.runners.ParentRunner.access$000(ParentRunner.java:42)
	at org.junit.runners.ParentRunner$2.evaluate(ParentRunner.java:184)
	at org.junit.runners.ParentRunner.run(ParentRunner.java:236)
	at org.apache.maven.surefire.junit4.JUnit4TestSet.execute(JUnit4TestSet.java:53)
	at org.apache.maven.surefire.junit4.JUnit4Provider.executeTestSet(JUnit4Provider.java:123)
	at org.apache.maven.surefire.junit4.JUnit4Provider.invoke(JUnit4Provider.java:104)
	at sun.reflect.NativeMethodAccessorImpl.invoke0(Native Method)
	at sun.reflect.NativeMethodAccessorImpl.invoke(NativeMethodAccessorImpl.java:57)
	at sun.reflect.DelegatingMethodAccessorImpl.invoke(DelegatingMethodAccessorImpl.java:43)
	at java.lang.reflect.Method.invoke(Method.java:601)
	at org.apache.maven.surefire.util.ReflectionUtils.invokeMethodWithArray(ReflectionUtils.java:164)
	at org.apache.maven.surefire.booter.ProviderFactory$ProviderProxy.invoke(ProviderFactory.java:110)
	at org.apache.maven.surefire.booter.SurefireStarter.invokeProvider(SurefireStarter.java:175)
	at org.apache.maven.surefire.booter.SurefireStarter.runSuitesInProcessWhenForked(SurefireStarter.java:107)
	at org.apache.maven.surefire.booter.ForkedBooter.main(ForkedBooter.java:68)
</failure>
    <system-out>getAllCustomers
</system-out>
    <system-err>XI 16, 2014 7:07:29 ODP. org.hibernate.annotations.common.Version &lt;clinit&gt;
INFO: HCANN000001: Hibernate Commons Annotations {4.0.2.Final}
XI 16, 2014 7:07:29 ODP. org.hibernate.Version logVersion
INFO: HHH000412: Hibernate Core {4.2.6.Final}
XI 16, 2014 7:07:29 ODP. org.hibernate.cfg.Environment &lt;clinit&gt;
INFO: HHH000206: hibernate.properties not found
XI 16, 2014 7:07:29 ODP. org.hibernate.cfg.Environment buildBytecodeProvider
INFO: HHH000021: Bytecode provider name : javassist
XI 16, 2014 7:07:29 ODP. org.hibernate.service.jdbc.connections.internal.DriverManagerConnectionProviderImpl configure
INFO: HHH000402: Using Hibernate built-in connection pool (not for production use!)
XI 16, 2014 7:07:29 ODP. org.hibernate.service.jdbc.connections.internal.DriverManagerConnectionProviderImpl configure
INFO: HHH000115: Hibernate connection pool size: 20
XI 16, 2014 7:07:29 ODP. org.hibernate.service.jdbc.connections.internal.DriverManagerConnectionProviderImpl configure
INFO: HHH000006: Autocommit mode: true
XI 16, 2014 7:07:29 ODP. org.hibernate.service.jdbc.connections.internal.DriverManagerConnectionProviderImpl configure
INFO: HHH000401: using driver [org.postgresql.Driver] at URL [jdbc:postgresql://krizik.felk.cvut.cz:5434/wpa2014zs_102_5]
XI 16, 2014 7:07:29 ODP. org.hibernate.service.jdbc.connections.internal.DriverManagerConnectionProviderImpl configure
INFO: HHH000046: Connection properties: {user=wpa2014zs_102_5, password=****, autocommit=true, release_mode=auto}
XI 16, 2014 7:07:42 ODP. org.hibernate.dialect.Dialect &lt;init&gt;
INFO: HHH000400: Using dialect: org.hibernate.dialect.PostgreSQL82Dialect
XI 16, 2014 7:07:42 ODP. org.hibernate.engine.jdbc.internal.LobCreatorBuilder useContextualLobCreation
INFO: HHH000424: Disabling contextual LOB creation as createClob() method threw error : java.lang.reflect.InvocationTargetException
XI 16, 2014 7:07:42 ODP. org.hibernate.engine.transaction.internal.TransactionFactoryInitiator initiateService
INFO: HHH000268: Transaction strategy: org.hibernate.engine.transaction.internal.jdbc.JdbcTransactionFactory
XI 16, 2014 7:07:42 ODP. org.hibernate.hql.internal.ast.ASTQueryTranslatorFactory &lt;init&gt;
INFO: HHH000397: Using ASTQueryTranslatorFactory
XI 16, 2014 7:07:43 ODP. org.hibernate.tool.hbm2ddl.SchemaUpdate execute
INFO: HHH000228: Running hbm2ddl schema update
XI 16, 2014 7:07:43 ODP. org.hibernate.tool.hbm2ddl.SchemaUpdate execute
INFO: HHH000102: Fetching database metadata
XI 16, 2014 7:07:43 ODP. org.hibernate.tool.hbm2ddl.SchemaUpdate execute
INFO: HHH000396: Updating schema
XI 16, 2014 7:07:43 ODP. org.hibernate.tool.hbm2ddl.TableMetadata &lt;init&gt;
INFO: HHH000261: Table found: public.actor
XI 16, 2014 7:07:43 ODP. org.hibernate.tool.hbm2ddl.TableMetadata &lt;init&gt;
INFO: HHH000037: Columns: [id, first_name, last_name]
XI 16, 2014 7:07:43 ODP. org.hibernate.tool.hbm2ddl.TableMetadata &lt;init&gt;
INFO: HHH000108: Foreign keys: []
XI 16, 2014 7:07:43 ODP. org.hibernate.tool.hbm2ddl.TableMetadata &lt;init&gt;
INFO: HHH000126: Indexes: [actor_pkey]
XI 16, 2014 7:07:43 ODP. org.hibernate.tool.hbm2ddl.TableMetadata &lt;init&gt;
INFO: HHH000261: Table found: public.director
XI 16, 2014 7:07:43 ODP. org.hibernate.tool.hbm2ddl.TableMetadata &lt;init&gt;
INFO: HHH000037: Columns: [id, first_name, last_name]
XI 16, 2014 7:07:43 ODP. org.hibernate.tool.hbm2ddl.TableMetadata &lt;init&gt;
INFO: HHH000108: Foreign keys: []
XI 16, 2014 7:07:43 ODP. org.hibernate.tool.hbm2ddl.TableMetadata &lt;init&gt;
INFO: HHH000126: Indexes: [director_pkey]
XI 16, 2014 7:07:43 ODP. org.hibernate.tool.hbm2ddl.TableMetadata &lt;init&gt;
INFO: HHH000261: Table found: public.film
XI 16, 2014 7:07:43 ODP. org.hibernate.tool.hbm2ddl.TableMetadata &lt;init&gt;
INFO: HHH000037: Columns: [id, title, release_year, id_director]
XI 16, 2014 7:07:43 ODP. org.hibernate.tool.hbm2ddl.TableMetadata &lt;init&gt;
INFO: HHH000108: Foreign keys: [fk_lqg5otvx46srqwyoc593rfwlk]
XI 16, 2014 7:07:43 ODP. org.hibernate.tool.hbm2ddl.TableMetadata &lt;init&gt;
INFO: HHH000126: Indexes: [film_pkey]
XI 16, 2014 7:07:43 ODP. org.hibernate.tool.hbm2ddl.TableMetadata &lt;init&gt;
INFO: HHH000261: Table found: public.actor_film
XI 16, 2014 7:07:43 ODP. org.hibernate.tool.hbm2ddl.TableMetadata &lt;init&gt;
INFO: HHH000037: Columns: [id_actor, id_film]
XI 16, 2014 7:07:43 ODP. org.hibernate.tool.hbm2ddl.TableMetadata &lt;init&gt;
INFO: HHH000108: Foreign keys: [fk_k52ws4msr7wvchsnqgw1eqq4c, fk_y64y475gd1990i5i1rn7j69m]
XI 16, 2014 7:07:43 ODP. org.hibernate.tool.hbm2ddl.TableMetadata &lt;init&gt;
INFO: HHH000126: Indexes: []
XI 16, 2014 7:07:44 ODP. org.hibernate.tool.hbm2ddl.TableMetadata &lt;init&gt;
INFO: HHH000261: Table found: public.customer
XI 16, 2014 7:07:44 ODP. org.hibernate.tool.hbm2ddl.TableMetadata &lt;init&gt;
INFO: HHH000037: Columns: [id, email, password]
XI 16, 2014 7:07:44 ODP. org.hibernate.tool.hbm2ddl.TableMetadata &lt;init&gt;
INFO: HHH000108: Foreign keys: [fk_70051146qn2xmjo5t81exjga0]
XI 16, 2014 7:07:44 ODP. org.hibernate.tool.hbm2ddl.TableMetadata &lt;init&gt;
INFO: HHH000126: Indexes: [customer_pkey]
XI 16, 2014 7:07:44 ODP. org.hibernate.tool.hbm2ddl.TableMetadata &lt;init&gt;
INFO: HHH000261: Table found: public.employee
XI 16, 2014 7:07:44 ODP. org.hibernate.tool.hbm2ddl.TableMetadata &lt;init&gt;
INFO: HHH000037: Columns: [id, position, address]
XI 16, 2014 7:07:44 ODP. org.hibernate.tool.hbm2ddl.TableMetadata &lt;init&gt;
INFO: HHH000108: Foreign keys: [fk_nhli7owi6ferubmgll5umph0]
XI 16, 2014 7:07:44 ODP. org.hibernate.tool.hbm2ddl.TableMetadata &lt;init&gt;
INFO: HHH000126: Indexes: [employee_pkey]
XI 16, 2014 7:07:44 ODP. org.hibernate.tool.hbm2ddl.TableMetadata &lt;init&gt;
INFO: HHH000261: Table found: public.order_film
XI 16, 2014 7:07:44 ODP. org.hibernate.tool.hbm2ddl.TableMetadata &lt;init&gt;
INFO: HHH000037: Columns: [id_order, id_film]
XI 16, 2014 7:07:44 ODP. org.hibernate.tool.hbm2ddl.TableMetadata &lt;init&gt;
INFO: HHH000108: Foreign keys: [fk_o9xhrcb4n3dlsqttv5cadu9pk, fk_9l49epv4099bsxgjip0j147we]
XI 16, 2014 7:07:44 ODP. org.hibernate.tool.hbm2ddl.TableMetadata &lt;init&gt;
INFO: HHH000126: Indexes: []
XI 16, 2014 7:07:44 ODP. org.hibernate.tool.hbm2ddl.TableMetadata &lt;init&gt;
INFO: HHH000261: Table found: public.orders
XI 16, 2014 7:07:44 ODP. org.hibernate.tool.hbm2ddl.TableMetadata &lt;init&gt;
INFO: HHH000037: Columns: [id, id_customer, id_employee]
XI 16, 2014 7:07:44 ODP. org.hibernate.tool.hbm2ddl.TableMetadata &lt;init&gt;
INFO: HHH000108: Foreign keys: [fk_da6bbf2h2dtm798k6ptpaheo2, fk_hkjtb9tc750r8sea4kmnn3vkp]
XI 16, 2014 7:07:44 ODP. org.hibernate.tool.hbm2ddl.TableMetadata &lt;init&gt;
INFO: HHH000126: Indexes: [orders_pkey]
XI 16, 2014 7:07:44 ODP. org.hibernate.tool.hbm2ddl.TableMetadata &lt;init&gt;
INFO: HHH000261: Table found: public.users
XI 16, 2014 7:07:44 ODP. org.hibernate.tool.hbm2ddl.TableMetadata &lt;init&gt;
INFO: HHH000037: Columns: [id, first_name, last_name]
XI 16, 2014 7:07:44 ODP. org.hibernate.tool.hbm2ddl.TableMetadata &lt;init&gt;
INFO: HHH000108: Foreign keys: []
XI 16, 2014 7:07:44 ODP. org.hibernate.tool.hbm2ddl.TableMetadata &lt;init&gt;
INFO: HHH000126: Indexes: [users_pkey]
XI 16, 2014 7:07:44 ODP. org.hibernate.tool.hbm2ddl.SchemaUpdate execute
INFO: HHH000232: Schema update complete
XI 16, 2014 7:07:45 ODP. org.hibernate.service.jdbc.connections.internal.DriverManagerConnectionProviderImpl configure
INFO: HHH000402: Using Hibernate built-in connection pool (not for production use!)
XI 16, 2014 7:07:45 ODP. org.hibernate.service.jdbc.connections.internal.DriverManagerConnectionProviderImpl configure
INFO: HHH000115: Hibernate connection pool size: 20
XI 16, 2014 7:07:45 ODP. org.hibernate.service.jdbc.connections.internal.DriverManagerConnectionProviderImpl configure
INFO: HHH000006: Autocommit mode: true
XI 16, 2014 7:07:45 ODP. org.hibernate.service.jdbc.connections.internal.DriverManagerConnectionProviderImpl configure
INFO: HHH000401: using driver [org.postgresql.Driver] at URL [jdbc:postgresql://krizik.felk.cvut.cz:5434/wpa2014zs_102_5]
XI 16, 2014 7:07:45 ODP. org.hibernate.service.jdbc.connections.internal.DriverManagerConnectionProviderImpl configure
INFO: HHH000046: Connection properties: {user=wpa2014zs_102_5, password=****, autocommit=true, release_mode=auto}
XI 16, 2014 7:08:01 ODP. org.hibernate.dialect.Dialect &lt;init&gt;
INFO: HHH000400: Using dialect: org.hibernate.dialect.PostgreSQL82Dialect
XI 16, 2014 7:08:01 ODP. org.hibernate.engine.jdbc.internal.LobCreatorBuilder useContextualLobCreation
INFO: HHH000424: Disabling contextual LOB creation as createClob() method threw error : java.lang.reflect.InvocationTargetException
XI 16, 2014 7:08:01 ODP. org.hibernate.engine.transaction.internal.TransactionFactoryInitiator initiateService
INFO: HHH000268: Transaction strategy: org.hibernate.engine.transaction.internal.jdbc.JdbcTransactionFactory
XI 16, 2014 7:08:01 ODP. org.hibernate.hql.internal.ast.ASTQueryTranslatorFactory &lt;init&gt;
INFO: HHH000397: Using ASTQueryTranslatorFactory
XI 16, 2014 7:08:01 ODP. org.hibernate.tool.hbm2ddl.SchemaUpdate execute
INFO: HHH000228: Running hbm2ddl schema update
XI 16, 2014 7:08:01 ODP. org.hibernate.tool.hbm2ddl.SchemaUpdate execute
INFO: HHH000102: Fetching database metadata
XI 16, 2014 7:08:01 ODP. org.hibernate.tool.hbm2ddl.SchemaUpdate execute
INFO: HHH000396: Updating schema
XI 16, 2014 7:08:01 ODP. org.hibernate.tool.hbm2ddl.TableMetadata &lt;init&gt;
INFO: HHH000261: Table found: public.actor
XI 16, 2014 7:08:01 ODP. org.hibernate.tool.hbm2ddl.TableMetadata &lt;init&gt;
INFO: HHH000037: Columns: [id, first_name, last_name]
XI 16, 2014 7:08:01 ODP. org.hibernate.tool.hbm2ddl.TableMetadata &lt;init&gt;
INFO: HHH000108: Foreign keys: []
XI 16, 2014 7:08:01 ODP. org.hibernate.tool.hbm2ddl.TableMetadata &lt;init&gt;
INFO: HHH000126: Indexes: [actor_pkey]
XI 16, 2014 7:08:01 ODP. org.hibernate.tool.hbm2ddl.TableMetadata &lt;init&gt;
INFO: HHH000261: Table found: public.director
XI 16, 2014 7:08:01 ODP. org.hibernate.tool.hbm2ddl.TableMetadata &lt;init&gt;
INFO: HHH000037: Columns: [id, first_name, last_name]
XI 16, 2014 7:08:01 ODP. org.hibernate.tool.hbm2ddl.TableMetadata &lt;init&gt;
INFO: HHH000108: Foreign keys: []
XI 16, 2014 7:08:01 ODP. org.hibernate.tool.hbm2ddl.TableMetadata &lt;init&gt;
INFO: HHH000126: Indexes: [director_pkey]
XI 16, 2014 7:08:02 ODP. org.hibernate.tool.hbm2ddl.TableMetadata &lt;init&gt;
INFO: HHH000261: Table found: public.film
XI 16, 2014 7:08:02 ODP. org.hibernate.tool.hbm2ddl.TableMetadata &lt;init&gt;
INFO: HHH000037: Columns: [id, title, release_year, id_director]
XI 16, 2014 7:08:02 ODP. org.hibernate.tool.hbm2ddl.TableMetadata &lt;init&gt;
INFO: HHH000108: Foreign keys: [fk_lqg5otvx46srqwyoc593rfwlk]
XI 16, 2014 7:08:02 ODP. org.hibernate.tool.hbm2ddl.TableMetadata &lt;init&gt;
INFO: HHH000126: Indexes: [film_pkey]
XI 16, 2014 7:08:02 ODP. org.hibernate.tool.hbm2ddl.TableMetadata &lt;init&gt;
INFO: HHH000261: Table found: public.actor_film
XI 16, 2014 7:08:02 ODP. org.hibernate.tool.hbm2ddl.TableMetadata &lt;init&gt;
INFO: HHH000037: Columns: [id_actor, id_film]
XI 16, 2014 7:08:02 ODP. org.hibernate.tool.hbm2ddl.TableMetadata &lt;init&gt;
INFO: HHH000108: Foreign keys: [fk_k52ws4msr7wvchsnqgw1eqq4c, fk_y64y475gd1990i5i1rn7j69m]
XI 16, 2014 7:08:02 ODP. org.hibernate.tool.hbm2ddl.TableMetadata &lt;init&gt;
INFO: HHH000126: Indexes: []
XI 16, 2014 7:08:02 ODP. org.hibernate.tool.hbm2ddl.TableMetadata &lt;init&gt;
INFO: HHH000261: Table found: public.customer
XI 16, 2014 7:08:02 ODP. org.hibernate.tool.hbm2ddl.TableMetadata &lt;init&gt;
INFO: HHH000037: Columns: [id, email, password]
XI 16, 2014 7:08:02 ODP. org.hibernate.tool.hbm2ddl.TableMetadata &lt;init&gt;
INFO: HHH000108: Foreign keys: [fk_70051146qn2xmjo5t81exjga0]
XI 16, 2014 7:08:02 ODP. org.hibernate.tool.hbm2ddl.TableMetadata &lt;init&gt;
INFO: HHH000126: Indexes: [customer_pkey]
XI 16, 2014 7:08:02 ODP. org.hibernate.tool.hbm2ddl.TableMetadata &lt;init&gt;
INFO: HHH000261: Table found: public.employee
XI 16, 2014 7:08:02 ODP. org.hibernate.tool.hbm2ddl.TableMetadata &lt;init&gt;
INFO: HHH000037: Columns: [id, position, address]
XI 16, 2014 7:08:02 ODP. org.hibernate.tool.hbm2ddl.TableMetadata &lt;init&gt;
INFO: HHH000108: Foreign keys: [fk_nhli7owi6ferubmgll5umph0]
XI 16, 2014 7:08:02 ODP. org.hibernate.tool.hbm2ddl.TableMetadata &lt;init&gt;
INFO: HHH000126: Indexes: [employee_pkey]
XI 16, 2014 7:08:02 ODP. org.hibernate.tool.hbm2ddl.TableMetadata &lt;init&gt;
INFO: HHH000261: Table found: public.order_film
XI 16, 2014 7:08:02 ODP. org.hibernate.tool.hbm2ddl.TableMetadata &lt;init&gt;
INFO: HHH000037: Columns: [id_order, id_film]
XI 16, 2014 7:08:02 ODP. org.hibernate.tool.hbm2ddl.TableMetadata &lt;init&gt;
INFO: HHH000108: Foreign keys: [fk_o9xhrcb4n3dlsqttv5cadu9pk, fk_9l49epv4099bsxgjip0j147we]
XI 16, 2014 7:08:02 ODP. org.hibernate.tool.hbm2ddl.TableMetadata &lt;init&gt;
INFO: HHH000126: Indexes: []
XI 16, 2014 7:08:02 ODP. org.hibernate.tool.hbm2ddl.TableMetadata &lt;init&gt;
INFO: HHH000261: Table found: public.orders
XI 16, 2014 7:08:02 ODP. org.hibernate.tool.hbm2ddl.TableMetadata &lt;init&gt;
INFO: HHH000037: Columns: [id, id_customer, id_employee]
XI 16, 2014 7:08:02 ODP. org.hibernate.tool.hbm2ddl.TableMetadata &lt;init&gt;
INFO: HHH000108: Foreign keys: [fk_da6bbf2h2dtm798k6ptpaheo2, fk_hkjtb9tc750r8sea4kmnn3vkp]
XI 16, 2014 7:08:03 ODP. org.hibernate.tool.hbm2ddl.TableMetadata &lt;init&gt;
INFO: HHH000126: Indexes: [orders_pkey]
XI 16, 2014 7:08:03 ODP. org.hibernate.tool.hbm2ddl.TableMetadata &lt;init&gt;
INFO: HHH000261: Table found: public.users
XI 16, 2014 7:08:03 ODP. org.hibernate.tool.hbm2ddl.TableMetadata &lt;init&gt;
INFO: HHH000037: Columns: [id, first_name, last_name]
XI 16, 2014 7:08:03 ODP. org.hibernate.tool.hbm2ddl.TableMetadata &lt;init&gt;
INFO: HHH000108: Foreign keys: []
XI 16, 2014 7:08:03 ODP. org.hibernate.tool.hbm2ddl.TableMetadata &lt;init&gt;
INFO: HHH000126: Indexes: [users_pkey]
XI 16, 2014 7:08:03 ODP. org.hibernate.tool.hbm2ddl.SchemaUpdate execute
INFO: HHH000232: Schema update complete
XI 16, 2014 7:08:03 ODP. org.hibernate.ejb.internal.EntityManagerFactoryRegistry addEntityManagerFactory
WARN: HHH000436: Entity manager factory name (persistence_unit) is already registered.  If entity manager will be clustered or passivated, specify a unique value for property &apos;hibernate.ejb.entitymanager_factory_name&apos;
</system-err>
  </testcase>
  <testcase time="12.013" classname="cvut.semestralka.service.CustomerServiceTest" name="testDeleteCustomer"/>
  <testcase time="12.281" classname="cvut.semestralka.service.CustomerServiceTest" name="testAddCustomer"/>
</testsuite>